2018/04/11 11:51:09 [I] localhost:8000 /login Params: {email: 231313 ,password: 12321 ,remember-me:  }

 response:    {"status": "user not exist "}
2018/04/11 11:51:26 [I] localhost:8000 /login Params: {email: 231313 ,password: 12321 ,remember-me:  }

 response:    {"status": "user not exist "}
2018/04/11 11:59:08 [I] localhost:8000 /login Params: {email: 231313 ,password: 12321 ,remember-me:  }

 response:    {"status": "user not exist "}
2018/04/11 13:08:43 [I] localhost:8000 /login Params: {email: 231313 ,password: 12321 ,remember-me:  }

 response:    {"status": "user not exist "}
2018/04/11 13:09:05 [I] localhost:8000 /login Params: {email: 231313 ,password: 12321 ,remember-me:  }

 response:    {"status": "user not exist "}
2018/04/11 13:09:06 [I] localhost:8000 /login Params: {email: 231313 ,password: 12321 ,remember-me:  }

 response:    {"status": "user not exist "}
2018/04/11 13:11:13 [I] localhost:8000 /login Params: {email: 231313 ,password: 12321 ,remember-me:  }

 response:    {"status": "user not exist "}
2018/04/11 13:11:29 [I] localhost:8000 /login Params: {email: 43242432 ,password: 4243242 ,remember-me:  }

 response:    {"status": "user not exist "}
2018/04/11 13:12:04 [I] localhost:8000 /login Params: {email: 43242432 ,password: 4243242 ,remember-me:  }

 response:    {"status": "user not exist "}
2018/04/11 13:12:05 [I] localhost:8000 /login Params: {email: 43242432 ,password: 4243242 ,remember-me:  }

 response:    {"status": "user not exist "}
2018/04/11 13:12:05 [I] localhost:8000 /login Params: {email: 43242432 ,password: 4243242 ,remember-me:  }

 response:    {"status": "user not exist "}
2018/04/11 13:12:05 [I] localhost:8000 /login Params: {email: 43242432 ,password: 4243242 ,remember-me:  }

 response:    {"status": "user not exist "}
2018/04/11 13:12:05 [I] localhost:8000 /login Params: {email: 43242432 ,password: 4243242 ,remember-me:  }

 response:    {"status": "user not exist "}
2018/04/11 13:12:06 [I] localhost:8000 /login Params: {email: 43242432 ,password: 4243242 ,remember-me:  }

 response:    {"status": "user not exist "}
2018/04/11 13:12:06 [I] localhost:8000 /login Params: {email: 43242432 ,password: 4243242 ,remember-me:  }

 response:    {"status": "user not exist "}
2018/04/11 13:14:32 [I] localhost:8000 /login Params: {email: 1111@qq.com ,password: 4243242 ,remember-me:  }

 response:   {"status": "password error"}
2018/04/11 13:14:37 [I] localhost:8000 /login Params: {email: 1111@qq.com ,password: 123456 ,remember-me:  }

 response:   {"status": "password error"}
2018/04/11 13:15:07 [I] localhost:8000 /login Params: {email: 1111@qq.com ,password: 111111 ,remember-me:  }

 response:   {"status": "login success"}
2018/04/11 13:35:28 [I] localhost:8000 /login Params: {email: 5453 ,password: 5435353 ,remember-me:  }

 response:    {"status": "user not exist "}
2018/04/11 13:36:13 [I] localhost:8000 /login Params: {email: 5453 ,password: 5435353 ,remember-me:  }

 response:    {"status": "user not exist "}
2018/04/11 13:39:39 [I] open mysql success
2018/04/11 13:39:52 [I] localhost:8000 /login Params: {email: 5453 ,password: 5435353 ,remember-me:  }

 response:    {"status": "user not exist "}
2018/04/11 13:40:10 [I] localhost:8000 /login Params: {email: 1111@qq.com ,password: 111111 ,remember-me:  }

 response:   {"status": "login success"}
2018/04/11 13:46:09 [I] open mysql success
2018/04/11 13:47:00 [I] localhost:8000 /login Params: {email: 1111@qq.com ,password: 111111 ,remember-me:  }

 response:   {"status": "login success"}
2018/04/11 13:51:29 [I] open mysql success
2018/04/11 13:51:39 [I] url:/admin/    form:map[],   {0xc042338ee0 /admin/ map[]}
2018/04/11 13:52:11 [I] url:/admin/posts/    form:map[],   {0xc0423396c0 /admin/posts/ map[]}
2018/04/11 13:52:12 [I] url:/admin/pages/    form:map[],   {0xc0423397a0 /admin/pages/ map[]}
2018/04/11 13:53:15 [I] url:/admin/comments/    form:map[],   {0xc042339ce0 /admin/comments/ map[]}
2018/04/11 13:53:16 [I] url:/admin/files/    form:map[],   {0xc0424d24d0 /admin/files/ map[]}
2018/04/11 13:53:17 [I] url:/admin/setting/    form:map[],   {0xc0424d2150 /admin/setting/ map[]}
2018/04/11 13:53:18 [I] url:/admin/monitor/    form:map[],   {0xc0424d2a10 /admin/monitor/ map[]}
2018/04/11 13:53:18 [I] url:/admin/profile/    form:map[],   {0xc042338fc0 /admin/profile/ map[]}
2018/04/11 13:53:19 [I] url:/admin/pages/    form:map[],   {0xc0423397a0 /admin/pages/ map[]}
2018/04/11 13:53:20 [I] url:/admin/comments/    form:map[],   {0xc042339ce0 /admin/comments/ map[]}
2018/04/11 13:53:20 [I] url:/admin/files/    form:map[],   {0xc0424d24d0 /admin/files/ map[]}
2018/04/11 13:53:21 [I] url:/admin/setting/    form:map[],   {0xc0424d2150 /admin/setting/ map[]}
2018/04/11 13:53:21 [I] url:/admin/monitor/    form:map[],   {0xc0424d2a10 /admin/monitor/ map[]}
2018/04/11 13:54:22 [I] url:/admin/    form:map[],   {0xc042338ee0 /admin/ map[]}
2018/04/11 13:54:24 [I] url:/admin/posts/    form:map[],   {0xc0423396c0 /admin/posts/ map[]}
2018/04/11 13:54:25 [I] url:/admin/pages/    form:map[],   {0xc0423397a0 /admin/pages/ map[]}
2018/04/11 13:54:28 [I] url:/admin/monitor/    form:map[],   {0xc0424d2a10 /admin/monitor/ map[]}
2018/04/11 13:54:31 [I] url:/admin/comments/    form:map[],   {0xc042339ce0 /admin/comments/ map[]}
2018/04/11 13:54:32 [I] url:/admin/    form:map[],   {0xc042338ee0 /admin/ map[]}
2018/04/11 13:54:34 [I] url:/admin/posts/    form:map[],   {0xc0423396c0 /admin/posts/ map[]}
2018/04/11 13:54:34 [I] url:/admin/pages/    form:map[],   {0xc0423397a0 /admin/pages/ map[]}
2018/04/11 13:54:36 [I] url:/admin/profile/    form:map[],   {0xc042338fc0 /admin/profile/ map[]}
2018/04/11 13:54:37 [I] url:/admin/profile/    form:map[],   {0xc042338fc0 /admin/profile/ map[]}
2018/04/11 13:54:37 [I] url:/admin/files/    form:map[],   {0xc0424d24d0 /admin/files/ map[]}
2018/04/11 13:54:38 [I] url:/admin/setting/    form:map[],   {0xc0424d2150 /admin/setting/ map[]}
2018/04/11 13:54:39 [I] url:/admin/monitor/    form:map[],   {0xc0424d2a10 /admin/monitor/ map[]}
2018/04/11 13:54:40 [I] url:/admin/posts/    form:map[],   {0xc0423396c0 /admin/posts/ map[]}
2018/04/11 13:54:42 [I] url:/admin/editor/80/    form:map[],   {0xc042339960 /admin/editor/80/ map[]}
2018/04/11 13:55:09 [I] url:/admin/pages/    form:map[],   {0xc0423397a0 /admin/pages/ map[]}
2018/04/11 13:58:09 [I] url:/admin/editor/5/    form:map[],   {0xc042339960 /admin/editor/5/ map[]}
2018/04/11 13:58:19 [I] url:/admin/posts/    form:map[],   {0xc0423396c0 /admin/posts/ map[]}
2018/04/11 13:58:20 [I] url:/admin/pages/    form:map[],   {0xc0423397a0 /admin/pages/ map[]}
2018/04/11 16:43:28 [I] url:/admin/posts/    form:map[],   {0xc0423396c0 /admin/posts/ map[]}
2018/04/11 16:43:36 [I] localhost:8000 /login Params: {email: 1111@qq.com ,password: 111111 ,remember-me:  }

 response:   {"status": "login success"}
2018/04/11 16:43:36 [I] url:/admin/    form:map[],   {0xc042338ee0 /admin/ map[]}
